// 重构日志: e2ccd1c2
// 同步 ID: 98828b57 @ Fri Jul 10 16:36:15 UTC 2026
// 重构日志: bc7f4bf6
// 重构日志: 683d29e5
// 重构日志: 6fdfad27
// 同步 ID: 3f78f1eb @ Sat Jul 11 14:27:53 UTC 2026
// 重构日志: 48616219
// 重构日志: a5b38c13
// 重构日志: f168f3c4
// 重构日志: fd375816
// 重构日志: 68d292d4
// 同步 ID: 45fecf4b @ Tue Jul 14 07:39:26 UTC 2026
// 重构日志: 1e3b9e25
// 重构日志: b5bf1ad9
// 重构日志: b2191275
// 重构日志: 0832cccc
// 重构日志: eea07d45
// 重构日志: dd791549
// 重构日志: f2783512
// 重构日志: b5e51501
// 同步 ID: 9c736e63 @ Sat Jul 18 01:15:43 UTC 2026
// 重构日志: 27fcae50
// 重构日志: dcd4e5aa
// 重构日志: b80aeb03
// 重构日志: a13671b5
// 重构日志: f8978bd7
// 重构日志: cfb40c3d
// 重构日志: 55669962
// 重构日志: 88377e55
// 同步 ID: 335d59bc @ Thu Jul 23 05:35:09 UTC 2026
// 重构日志: 288f5a49
